<?xml version="1.0" encoding="UTF-8"?>
<!-- Generated by org.testng.reporters.JUnitReportReporter -->
<testsuite hostname="LAPTOP-0CG7VJN0" failures="0" tests="1" name="runners.TestRunner" time="3.815" errors="0" timestamp="2024-10-09T01:09:20 IST" skipped="0">
  <testcase classname="runners.TestRunner" name="runScenario" time="3.815"/>
</testsuite> <!-- runners.TestRunner -->
